<?xml version="1.0" encoding="UTF-8"?>
<testng-results ignored="0" total="1" passed="1" failed="0" skipped="0">
  <reporter-output>
  </reporter-output>
  <suite started-at="2024-11-22T23:14:59 EST" name="Default suite" finished-at="2024-11-22T23:14:59 EST" duration-ms="69">
    <groups>
    </groups>
    <test started-at="2024-11-22T23:14:59 EST" name="Default test" finished-at="2024-11-22T23:14:59 EST" duration-ms="69">
      <class name="AppiumExamples.Appium_Hardcoded_Examples.AppiumTest">
        <test-method signature="appiumTesting()[pri:0, instance:AppiumExamples.Appium_Hardcoded_Examples.AppiumTest@2f9f7dcf]" started-at="2024-11-22T23:14:59 EST" name="appiumTesting" finished-at="2024-11-22T23:14:59 EST" duration-ms="11" status="PASS">
          <reporter-output>
          </reporter-output>
        </test-method> <!-- appiumTesting -->
      </class> <!-- AppiumExamples.Appium_Hardcoded_Examples.AppiumTest -->
    </test> <!-- Default test -->
  </suite> <!-- Default suite -->
</testng-results>
