<?xml version="1.0" encoding="UTF-8"?>
<testng-results ignored="0" total="1" passed="1" failed="0" skipped="0">
  <reporter-output>
  </reporter-output>
  <suite started-at="2024-11-21T14:15:42 EST" name="Default suite" finished-at="2024-11-21T14:15:42 EST" duration-ms="47">
    <groups>
    </groups>
    <test started-at="2024-11-21T14:15:42 EST" name="Default test" finished-at="2024-11-21T14:15:42 EST" duration-ms="47">
      <class name="AppiumExamples.Appium_Hardcoded_Examples.appiumTest">
        <test-method signature="someAppiumTest()[pri:0, instance:AppiumExamples.Appium_Hardcoded_Examples.appiumTest@49b0b76]" started-at="2024-11-21T14:15:42 EST" name="someAppiumTest" finished-at="2024-11-21T14:15:42 EST" duration-ms="12" status="PASS">
          <reporter-output>
          </reporter-output>
        </test-method> <!-- someAppiumTest -->
      </class> <!-- AppiumExamples.Appium_Hardcoded_Examples.appiumTest -->
    </test> <!-- Default test -->
  </suite> <!-- Default suite -->
</testng-results>
